<?xml version="1.0" encoding="UTF-8"?>
<testng-results skipped="0" failed="1" ignored="0" total="1" passed="0">
  <reporter-output>
  </reporter-output>
  <suite name="Suite" duration-ms="90529" started-at="2022-01-31T12:47:33 IST" finished-at="2022-01-31T12:49:04 IST">
    <groups>
      <group name="Regression">
        <method signature="LoginTest.loginA()[pri:1, instance:testScripts.LoginTest@587c290d]" name="loginA" class="testScripts.LoginTest"/>
      </group> <!-- Regression -->
    </groups>
    <test name="LoginTest" duration-ms="90529" started-at="2022-01-31T12:47:33 IST" finished-at="2022-01-31T12:49:04 IST">
      <class name="testScripts.LoginTest">
        <test-method status="PASS" signature="LaunchApplication()[pri:0, instance:testScripts.LoginTest@587c290d]" name="LaunchApplication" is-config="true" duration-ms="39901" started-at="2022-01-31T12:47:35 IST" finished-at="2022-01-31T12:48:15 IST">
          <reporter-output>
          </reporter-output>
        </test-method> <!-- LaunchApplication -->
        <test-method status="FAIL" signature="loginA()[pri:1, instance:testScripts.LoginTest@587c290d]" name="loginA" duration-ms="42456" started-at="2022-01-31T12:48:15 IST" finished-at="2022-01-31T12:48:57 IST">
          <exception class="java.lang.IndexOutOfBoundsException">
            <message>
              <![CDATA[Index: 171, Size: 171]]>
            </message>
            <full-stacktrace>
              <![CDATA[java.lang.IndexOutOfBoundsException: Index: 171, Size: 171
at java.util.ArrayList.rangeCheck(Unknown Source)
at java.util.ArrayList.get(Unknown Source)
at sun.reflect.GeneratedMethodAccessor2.invoke(Unknown Source)
at sun.reflect.DelegatingMethodAccessorImpl.invoke(Unknown Source)
at java.lang.reflect.Method.invoke(Unknown Source)
at org.openqa.selenium.support.pagefactory.internal.LocatingElementListHandler.invoke(LocatingElementListHandler.java:40)
at com.sun.proxy.$Proxy16.get(Unknown Source)
at pageObjects.LoginPage.getTotalLink(LoginPage.java:135)
at testScripts.LoginTest.loginA(LoginTest.java:46)
at sun.reflect.NativeMethodAccessorImpl.invoke0(Native Method)
at sun.reflect.NativeMethodAccessorImpl.invoke(Unknown Source)
at sun.reflect.DelegatingMethodAccessorImpl.invoke(Unknown Source)
at java.lang.reflect.Method.invoke(Unknown Source)
at org.testng.internal.MethodInvocationHelper.invokeMethod(MethodInvocationHelper.java:133)
at org.testng.internal.TestInvoker.invokeMethod(TestInvoker.java:598)
at org.testng.internal.TestInvoker.invokeTestMethod(TestInvoker.java:173)
at org.testng.internal.MethodRunner.runInSequence(MethodRunner.java:46)
at org.testng.internal.TestInvoker$MethodInvocationAgent.invoke(TestInvoker.java:824)
at org.testng.internal.TestInvoker.invokeTestMethods(TestInvoker.java:146)
at org.testng.internal.TestMethodWorker.invokeTestMethods(TestMethodWorker.java:146)
at org.testng.internal.TestMethodWorker.run(TestMethodWorker.java:128)
at java.util.ArrayList.forEach(Unknown Source)
at org.testng.TestRunner.privateRun(TestRunner.java:794)
at org.testng.TestRunner.run(TestRunner.java:596)
at org.testng.SuiteRunner.runTest(SuiteRunner.java:377)
at org.testng.SuiteRunner.runSequentially(SuiteRunner.java:371)
at org.testng.SuiteRunner.privateRun(SuiteRunner.java:332)
at org.testng.SuiteRunner.run(SuiteRunner.java:276)
at org.testng.SuiteRunnerWorker.runSuite(SuiteRunnerWorker.java:53)
at org.testng.SuiteRunnerWorker.run(SuiteRunnerWorker.java:96)
at org.testng.TestNG.runSuitesSequentially(TestNG.java:1212)
at org.testng.TestNG.runSuitesLocally(TestNG.java:1134)
at org.testng.TestNG.runSuites(TestNG.java:1063)
at org.testng.TestNG.run(TestNG.java:1031)
at org.testng.remote.AbstractRemoteTestNG.run(AbstractRemoteTestNG.java:115)
at org.testng.remote.RemoteTestNG.initAndRun(RemoteTestNG.java:251)
at org.testng.remote.RemoteTestNG.main(RemoteTestNG.java:77)
]]>
            </full-stacktrace>
          </exception> <!-- java.lang.IndexOutOfBoundsException -->
          <reporter-output>
          </reporter-output>
        </test-method> <!-- loginA -->
        <test-method status="PASS" signature="tearDown()[pri:0, instance:testScripts.LoginTest@587c290d]" name="tearDown" is-config="true" duration-ms="2254" started-at="2022-01-31T12:49:01 IST" finished-at="2022-01-31T12:49:03 IST">
          <reporter-output>
          </reporter-output>
        </test-method> <!-- tearDown -->
      </class> <!-- testScripts.LoginTest -->
    </test> <!-- LoginTest -->
  </suite> <!-- Suite -->
</testng-results>
