<?xml version="1.0" encoding="UTF-8"?>
<!-- Generated by org.testng.reporters.JUnitXMLReporter -->
<testsuite hostname="DESKTOP-4RHPH4T" ignored="0" name="LoginTest" tests="1" failures="1" timestamp="2022-01-31T12:49:04 IST" time="90.529" errors="0">
  <testcase name="loginA" time="42.456" classname="testScripts.LoginTest">
    <failure type="java.lang.IndexOutOfBoundsException" message="Index: 171, Size: 171">
      <![CDATA[java.lang.IndexOutOfBoundsException: Index: 171, Size: 171
at java.util.ArrayList.rangeCheck(Unknown Source)
at java.util.ArrayList.get(Unknown Source)
at org.openqa.selenium.support.pagefactory.internal.LocatingElementListHandler.invoke(LocatingElementListHandler.java:40)
at com.sun.proxy.$Proxy16.get(Unknown Source)
at pageObjects.LoginPage.getTotalLink(LoginPage.java:135)
at testScripts.LoginTest.loginA(LoginTest.java:46)
at java.util.ArrayList.forEach(Unknown Source)
... Removed 30 stack frames]]>
    </failure>
  </testcase> <!-- loginA -->
</testsuite> <!-- LoginTest -->
